2017-03-01 11:20:37 
	##errno 1045
	##error Access denied for user 'root'@'localhost' (using password: YES)
2017-03-01 11:22:26 
	##errno 1049
	##error Unknown database 'td-car'
2017-03-01 11:23:27 
	##errno 0
	##error 
2017-03-01 11:23:27 
	##errno 0
	##error 
2017-03-01 11:23:27 
	##errno 0
	##error 
2017-03-01 11:23:27 
	##errno 0
	##error 
2017-03-01 11:23:27 
	##errno 0
	##error 
2017-03-01 11:23:27 
	##errno 0
	##error 
2017-03-01 11:29:45 
	##errno 0
	##error 
2017-03-01 11:29:45 
	##errno 0
	##error 
2017-03-01 11:29:45 
	##errno 0
	##error 
2017-03-01 11:29:45 
	##errno 0
	##error 
2017-03-01 11:29:45 
	##errno 0
	##error 
2017-03-01 11:29:45 
	##errno 0
	##error 
2017-03-01 11:31:12 
	##errno 0
	##error 
2017-03-01 11:31:12 
	##errno 0
	##error 
2017-03-01 11:31:12 
	##errno 0
	##error 
2017-03-01 11:31:12 
	##errno 0
	##error 
2017-03-01 11:33:33 
	##errno 0
	##error 
